2022-05-16 13:23:21,711 DEBUG    root            Loaded Command Group: ['gcloud', 'components']
2022-05-16 13:23:21,714 DEBUG    root            Loaded Command Group: ['gcloud', 'components', 'update']
2022-05-16 13:23:21,716 DEBUG    root            Running [gcloud.components.update] with arguments: [--quiet: "True", COMPONENT-IDS:8: "['gcloud', 'core', 'bq', 'gsutil', 'compute', 'preview', 'alpha', 'beta']"]
2022-05-16 13:23:21,721 INFO     ___FILE_ONLY___ Beginning update. This process may take several minutes.

2022-05-16 13:23:21,727 DEBUG    urllib3.connectionpool Starting new HTTPS connection (1): dl.google.com:443
2022-05-16 13:23:21,800 DEBUG    urllib3.connectionpool https://dl.google.com:443 "GET /dl/cloudsdk/channels/rapid/components-2.json HTTP/1.1" 200 187088
2022-05-16 13:23:21,817 WARNING  root            Component [preview] no longer exists.
2022-05-16 13:23:21,817 WARNING  root            Component [compute] no longer exists.
2022-05-16 13:23:21,819 INFO     ___FILE_ONLY___ 

2022-05-16 13:23:21,819 INFO     ___FILE_ONLY___ 
Your current Google Cloud CLI version is: 385.0.0

2022-05-16 13:23:21,819 INFO     ___FILE_ONLY___ Installing components from version: 385.0.0

2022-05-16 13:23:21,819 INFO     ___FILE_ONLY___ 

2022-05-16 13:23:21,823 INFO     ___FILE_ONLY___ ┌──────────────────────────────────────────────┐
2022-05-16 13:23:21,823 INFO     ___FILE_ONLY___ 

2022-05-16 13:23:21,823 INFO     ___FILE_ONLY___ │     These components will be installed.      │
2022-05-16 13:23:21,823 INFO     ___FILE_ONLY___ 

2022-05-16 13:23:21,823 INFO     ___FILE_ONLY___ ├───────────────────────┬────────────┬─────────┤
2022-05-16 13:23:21,823 INFO     ___FILE_ONLY___ 

2022-05-16 13:23:21,824 INFO     ___FILE_ONLY___ │          Name         │  Version   │   Size  │
2022-05-16 13:23:21,824 INFO     ___FILE_ONLY___ 

2022-05-16 13:23:21,824 INFO     ___FILE_ONLY___ ├───────────────────────┼────────────┼─────────┤
2022-05-16 13:23:21,824 INFO     ___FILE_ONLY___ 

2022-05-16 13:23:21,824 INFO     ___FILE_ONLY___ │ 
2022-05-16 13:23:21,824 INFO     ___FILE_ONLY___ gcloud Alpha Commands
2022-05-16 13:23:21,824 INFO     ___FILE_ONLY___  
2022-05-16 13:23:21,824 INFO     ___FILE_ONLY___ │ 
2022-05-16 13:23:21,824 INFO     ___FILE_ONLY___ 2022.05.06
2022-05-16 13:23:21,825 INFO     ___FILE_ONLY___  
2022-05-16 13:23:21,825 INFO     ___FILE_ONLY___ │ 
2022-05-16 13:23:21,825 INFO     ___FILE_ONLY___ < 1 MiB
2022-05-16 13:23:21,825 INFO     ___FILE_ONLY___  
2022-05-16 13:23:21,825 INFO     ___FILE_ONLY___ │
2022-05-16 13:23:21,825 INFO     ___FILE_ONLY___ 

2022-05-16 13:23:21,825 INFO     ___FILE_ONLY___ │ 
2022-05-16 13:23:21,825 INFO     ___FILE_ONLY___ gcloud Beta Commands 
2022-05-16 13:23:21,825 INFO     ___FILE_ONLY___  
2022-05-16 13:23:21,826 INFO     ___FILE_ONLY___ │ 
2022-05-16 13:23:21,826 INFO     ___FILE_ONLY___ 2022.05.06
2022-05-16 13:23:21,826 INFO     ___FILE_ONLY___  
2022-05-16 13:23:21,826 INFO     ___FILE_ONLY___ │ 
2022-05-16 13:23:21,826 INFO     ___FILE_ONLY___ < 1 MiB
2022-05-16 13:23:21,826 INFO     ___FILE_ONLY___  
2022-05-16 13:23:21,826 INFO     ___FILE_ONLY___ │
2022-05-16 13:23:21,826 INFO     ___FILE_ONLY___ 

2022-05-16 13:23:21,826 INFO     ___FILE_ONLY___ └───────────────────────┴────────────┴─────────┘
2022-05-16 13:23:21,827 INFO     ___FILE_ONLY___ 

2022-05-16 13:23:21,827 INFO     ___FILE_ONLY___ 

2022-05-16 13:23:21,829 DEBUG    urllib3.connectionpool Starting new HTTPS connection (1): dl.google.com:443
2022-05-16 13:23:21,899 DEBUG    urllib3.connectionpool https://dl.google.com:443 "GET /dl/cloudsdk/channels/rapid/RELEASE_NOTES HTTP/1.1" 200 801185
2022-05-16 13:23:21,942 INFO     ___FILE_ONLY___ For the latest full release notes, please visit:
  https://cloud.google.com/sdk/release_notes


2022-05-16 13:23:21,947 INFO     ___FILE_ONLY___ ╔════════════════════════════════════════════════════════════╗

2022-05-16 13:23:21,947 INFO     ___FILE_ONLY___ ╠═ Creating update staging area                             ═╣

2022-05-16 13:23:21,947 INFO     ___FILE_ONLY___ ╚
2022-05-16 13:23:21,947 INFO     ___FILE_ONLY___ ══════
2022-05-16 13:23:22,534 INFO     ___FILE_ONLY___ ══════
2022-05-16 13:23:22,534 INFO     ___FILE_ONLY___ ══════
2022-05-16 13:23:22,797 INFO     ___FILE_ONLY___ ═
2022-05-16 13:23:22,874 INFO     ___FILE_ONLY___ ═
2022-05-16 13:23:22,962 INFO     ___FILE_ONLY___ ═
2022-05-16 13:23:23,084 INFO     ___FILE_ONLY___ ═
2022-05-16 13:23:23,200 INFO     ___FILE_ONLY___ ═
2022-05-16 13:23:23,299 INFO     ___FILE_ONLY___ ═
2022-05-16 13:23:23,442 INFO     ___FILE_ONLY___ ═
2022-05-16 13:23:23,586 INFO     ___FILE_ONLY___ ═
2022-05-16 13:23:23,689 INFO     ___FILE_ONLY___ ═
2022-05-16 13:23:23,827 INFO     ___FILE_ONLY___ ═
2022-05-16 13:23:23,909 INFO     ___FILE_ONLY___ ═
2022-05-16 13:23:24,044 INFO     ___FILE_ONLY___ ═
2022-05-16 13:23:24,151 INFO     ___FILE_ONLY___ ═
2022-05-16 13:23:24,253 INFO     ___FILE_ONLY___ ═
2022-05-16 13:23:24,397 INFO     ___FILE_ONLY___ ═
2022-05-16 13:23:24,517 INFO     ___FILE_ONLY___ ═
2022-05-16 13:23:24,697 INFO     ___FILE_ONLY___ ═
2022-05-16 13:23:24,766 INFO     ___FILE_ONLY___ ═
2022-05-16 13:23:24,884 INFO     ___FILE_ONLY___ ═
2022-05-16 13:23:24,922 INFO     ___FILE_ONLY___ ═
2022-05-16 13:23:24,964 INFO     ___FILE_ONLY___ ═
2022-05-16 13:23:25,023 INFO     ___FILE_ONLY___ ═
2022-05-16 13:23:25,141 INFO     ___FILE_ONLY___ ═
2022-05-16 13:23:25,567 INFO     ___FILE_ONLY___ ═
2022-05-16 13:23:25,668 INFO     ___FILE_ONLY___ ═
2022-05-16 13:23:25,777 INFO     ___FILE_ONLY___ ═
2022-05-16 13:23:25,873 INFO     ___FILE_ONLY___ ═
2022-05-16 13:23:26,002 INFO     ___FILE_ONLY___ ═
2022-05-16 13:23:26,083 INFO     ___FILE_ONLY___ ═
2022-05-16 13:23:26,173 INFO     ___FILE_ONLY___ ═
2022-05-16 13:23:26,305 INFO     ___FILE_ONLY___ ═
2022-05-16 13:23:26,377 INFO     ___FILE_ONLY___ ═
2022-05-16 13:23:26,450 INFO     ___FILE_ONLY___ ═
2022-05-16 13:23:26,526 INFO     ___FILE_ONLY___ ═
2022-05-16 13:23:26,632 INFO     ___FILE_ONLY___ ═
2022-05-16 13:23:26,714 INFO     ___FILE_ONLY___ ═
2022-05-16 13:23:26,807 INFO     ___FILE_ONLY___ ═
2022-05-16 13:23:26,888 INFO     ___FILE_ONLY___ ═
2022-05-16 13:23:26,975 INFO     ___FILE_ONLY___ ═
2022-05-16 13:23:27,062 INFO     ___FILE_ONLY___ ═
2022-05-16 13:23:27,204 INFO     ___FILE_ONLY___ ═
2022-05-16 13:23:27,328 INFO     ___FILE_ONLY___ ═
2022-05-16 13:23:27,328 INFO     ___FILE_ONLY___ ╝

2022-05-16 13:23:30,014 INFO     ___FILE_ONLY___ ╔════════════════════════════════════════════════════════════╗

2022-05-16 13:23:30,014 INFO     ___FILE_ONLY___ ╠═ Installing: gcloud Alpha Commands                        ═╣

2022-05-16 13:23:30,014 INFO     ___FILE_ONLY___ ╚
2022-05-16 13:23:30,018 DEBUG    urllib3.connectionpool Starting new HTTPS connection (1): dl.google.com:443
2022-05-16 13:23:30,087 DEBUG    urllib3.connectionpool https://dl.google.com:443 "GET /dl/cloudsdk/channels/rapid/components/google-cloud-sdk-alpha-20220506143240.tar.gz HTTP/1.1" 200 800
2022-05-16 13:23:30,088 INFO     ___FILE_ONLY___ ══════════════════════════════
2022-05-16 13:23:30,090 INFO     ___FILE_ONLY___ ══════════════════════════════
2022-05-16 13:23:30,090 INFO     ___FILE_ONLY___ ╝

2022-05-16 13:23:30,098 INFO     ___FILE_ONLY___ ╔════════════════════════════════════════════════════════════╗

2022-05-16 13:23:30,099 INFO     ___FILE_ONLY___ ╠═ Installing: gcloud Beta Commands                         ═╣

2022-05-16 13:23:30,099 INFO     ___FILE_ONLY___ ╚
2022-05-16 13:23:30,102 DEBUG    urllib3.connectionpool Starting new HTTPS connection (1): dl.google.com:443
2022-05-16 13:23:30,174 DEBUG    urllib3.connectionpool https://dl.google.com:443 "GET /dl/cloudsdk/channels/rapid/components/google-cloud-sdk-beta-20220506143240.tar.gz HTTP/1.1" 200 797
2022-05-16 13:23:30,174 INFO     ___FILE_ONLY___ ══════════════════════════════
2022-05-16 13:23:30,176 INFO     ___FILE_ONLY___ ══════════════════════════════
2022-05-16 13:23:30,176 INFO     ___FILE_ONLY___ ╝

2022-05-16 13:23:30,185 INFO     ___FILE_ONLY___ ╔════════════════════════════════════════════════════════════╗

2022-05-16 13:23:30,185 INFO     ___FILE_ONLY___ ╠═ Creating backup and activating new installation          ═╣

2022-05-16 13:23:30,185 INFO     ___FILE_ONLY___ ╚
2022-05-16 13:23:30,186 DEBUG    root            Attempting to move directory [/tools/google-cloud-sdk] to [/tools/google-cloud-sdk.staging/.install/.backup]
2022-05-16 13:23:30,186 INFO     ___FILE_ONLY___ ══════════════════════════════
2022-05-16 13:23:30,186 DEBUG    root            Attempting to move directory [/tools/google-cloud-sdk.staging] to [/tools/google-cloud-sdk]
2022-05-16 13:23:30,187 INFO     ___FILE_ONLY___ ══════════════════════════════
2022-05-16 13:23:30,187 INFO     ___FILE_ONLY___ ╝

2022-05-16 13:23:30,191 DEBUG    root            Updating notification cache...
2022-05-16 13:23:30,192 INFO     ___FILE_ONLY___ 

2022-05-16 13:23:30,195 INFO     ___FILE_ONLY___ Performing post processing steps...
2022-05-16 13:23:30,196 DEBUG    root            Executing command: ['python3', '-S', '/tools/google-cloud-sdk/lib/gcloud.py', 'components', 'post-process']
2022-05-16 13:23:49,513 DEBUG    ___FILE_ONLY___ 
2022-05-16 13:23:49,513 DEBUG    ___FILE_ONLY___ 
2022-05-16 13:23:49,724 INFO     ___FILE_ONLY___ 
Update done!


2022-05-16 13:23:49,729 INFO     root            Display format: "none"
