2022-05-16 13:22:41,156 DEBUG    root            Loaded Command Group: ['gcloud', 'components']
2022-05-16 13:22:41,160 DEBUG    root            Loaded Command Group: ['gcloud', 'components', 'update']
2022-05-16 13:22:41,163 DEBUG    root            Running [gcloud.components.update] with arguments: [--allow-no-backup: "True", --quiet: "True", COMPONENT-IDS:6: "['core', 'gcloud-deps', 'bq', 'gcloud', 'gsutil', 'anthoscli']"]
2022-05-16 13:22:41,168 INFO     ___FILE_ONLY___ Beginning update. This process may take several minutes.

2022-05-16 13:22:53,197 DEBUG    urllib3.connectionpool Starting new HTTPS connection (1): dl.google.com:443
2022-05-16 13:22:53,275 DEBUG    urllib3.connectionpool https://dl.google.com:443 "GET /dl/cloudsdk/channels/rapid/components-2.json HTTP/1.1" 200 187088
2022-05-16 13:22:53,315 INFO     ___FILE_ONLY___ 

2022-05-16 13:22:53,316 INFO     ___FILE_ONLY___ 
Your current Google Cloud CLI version is: 385.0.0

2022-05-16 13:22:53,316 INFO     ___FILE_ONLY___ Installing components from version: 385.0.0

2022-05-16 13:22:53,316 INFO     ___FILE_ONLY___ 

2022-05-16 13:22:53,323 INFO     ___FILE_ONLY___ ┌─────────────────────────────────────────────────────────────────────────────┐
2022-05-16 13:22:53,323 INFO     ___FILE_ONLY___ 

2022-05-16 13:22:53,323 INFO     ___FILE_ONLY___ │                     These components will be installed.                     │
2022-05-16 13:22:53,323 INFO     ___FILE_ONLY___ 

2022-05-16 13:22:53,323 INFO     ___FILE_ONLY___ ├─────────────────────────────────────────────────────┬────────────┬──────────┤
2022-05-16 13:22:53,323 INFO     ___FILE_ONLY___ 

2022-05-16 13:22:53,324 INFO     ___FILE_ONLY___ │                         Name                        │  Version   │   Size   │
2022-05-16 13:22:53,324 INFO     ___FILE_ONLY___ 

2022-05-16 13:22:53,324 INFO     ___FILE_ONLY___ ├─────────────────────────────────────────────────────┼────────────┼──────────┤
2022-05-16 13:22:53,324 INFO     ___FILE_ONLY___ 

2022-05-16 13:22:53,324 INFO     ___FILE_ONLY___ │ 
2022-05-16 13:22:53,324 INFO     ___FILE_ONLY___ BigQuery Command Line Tool                         
2022-05-16 13:22:53,324 INFO     ___FILE_ONLY___  
2022-05-16 13:22:53,324 INFO     ___FILE_ONLY___ │ 
2022-05-16 13:22:53,324 INFO     ___FILE_ONLY___     2.0.74
2022-05-16 13:22:53,325 INFO     ___FILE_ONLY___  
2022-05-16 13:22:53,325 INFO     ___FILE_ONLY___ │ 
2022-05-16 13:22:53,325 INFO     ___FILE_ONLY___  1.0 MiB
2022-05-16 13:22:53,325 INFO     ___FILE_ONLY___  
2022-05-16 13:22:53,325 INFO     ___FILE_ONLY___ │
2022-05-16 13:22:53,325 INFO     ___FILE_ONLY___ 

2022-05-16 13:22:53,325 INFO     ___FILE_ONLY___ │ 
2022-05-16 13:22:53,325 INFO     ___FILE_ONLY___ BigQuery Command Line Tool (Platform Specific)     
2022-05-16 13:22:53,325 INFO     ___FILE_ONLY___  
2022-05-16 13:22:53,326 INFO     ___FILE_ONLY___ │ 
2022-05-16 13:22:53,326 INFO     ___FILE_ONLY___     2.0.73
2022-05-16 13:22:53,326 INFO     ___FILE_ONLY___  
2022-05-16 13:22:53,326 INFO     ___FILE_ONLY___ │ 
2022-05-16 13:22:53,326 INFO     ___FILE_ONLY___  < 1 MiB
2022-05-16 13:22:53,326 INFO     ___FILE_ONLY___  
2022-05-16 13:22:53,326 INFO     ___FILE_ONLY___ │
2022-05-16 13:22:53,326 INFO     ___FILE_ONLY___ 

2022-05-16 13:22:53,326 INFO     ___FILE_ONLY___ │ 
2022-05-16 13:22:53,327 INFO     ___FILE_ONLY___ Cloud Storage Command Line Tool                    
2022-05-16 13:22:53,327 INFO     ___FILE_ONLY___  
2022-05-16 13:22:53,327 INFO     ___FILE_ONLY___ │ 
2022-05-16 13:22:53,327 INFO     ___FILE_ONLY___       5.10
2022-05-16 13:22:53,327 INFO     ___FILE_ONLY___  
2022-05-16 13:22:53,327 INFO     ___FILE_ONLY___ │ 
2022-05-16 13:22:53,327 INFO     ___FILE_ONLY___ 15.5 MiB
2022-05-16 13:22:53,327 INFO     ___FILE_ONLY___  
2022-05-16 13:22:53,327 INFO     ___FILE_ONLY___ │
2022-05-16 13:22:53,327 INFO     ___FILE_ONLY___ 

2022-05-16 13:22:53,328 INFO     ___FILE_ONLY___ │ 
2022-05-16 13:22:53,328 INFO     ___FILE_ONLY___ Cloud Storage Command Line Tool (Platform Specific)
2022-05-16 13:22:53,328 INFO     ___FILE_ONLY___  
2022-05-16 13:22:53,328 INFO     ___FILE_ONLY___ │ 
2022-05-16 13:22:53,328 INFO     ___FILE_ONLY___        5.6
2022-05-16 13:22:53,328 INFO     ___FILE_ONLY___  
2022-05-16 13:22:53,328 INFO     ___FILE_ONLY___ │ 
2022-05-16 13:22:53,328 INFO     ___FILE_ONLY___  < 1 MiB
2022-05-16 13:22:53,328 INFO     ___FILE_ONLY___  
2022-05-16 13:22:53,329 INFO     ___FILE_ONLY___ │
2022-05-16 13:22:53,329 INFO     ___FILE_ONLY___ 

2022-05-16 13:22:53,329 INFO     ___FILE_ONLY___ │ 
2022-05-16 13:22:53,329 INFO     ___FILE_ONLY___ Google Cloud CLI Core Libraries (Platform Specific)
2022-05-16 13:22:53,329 INFO     ___FILE_ONLY___  
2022-05-16 13:22:53,329 INFO     ___FILE_ONLY___ │ 
2022-05-16 13:22:53,329 INFO     ___FILE_ONLY___ 2022.01.28
2022-05-16 13:22:53,329 INFO     ___FILE_ONLY___  
2022-05-16 13:22:53,329 INFO     ___FILE_ONLY___ │ 
2022-05-16 13:22:53,330 INFO     ___FILE_ONLY___  < 1 MiB
2022-05-16 13:22:53,330 INFO     ___FILE_ONLY___  
2022-05-16 13:22:53,330 INFO     ___FILE_ONLY___ │
2022-05-16 13:22:53,330 INFO     ___FILE_ONLY___ 

2022-05-16 13:22:53,330 INFO     ___FILE_ONLY___ │ 
2022-05-16 13:22:53,330 INFO     ___FILE_ONLY___ anthoscli                                          
2022-05-16 13:22:53,330 INFO     ___FILE_ONLY___  
2022-05-16 13:22:53,330 INFO     ___FILE_ONLY___ │ 
2022-05-16 13:22:53,330 INFO     ___FILE_ONLY___     0.2.26
2022-05-16 13:22:53,331 INFO     ___FILE_ONLY___  
2022-05-16 13:22:53,331 INFO     ___FILE_ONLY___ │ 
2022-05-16 13:22:53,331 INFO     ___FILE_ONLY___ 47.5 MiB
2022-05-16 13:22:53,331 INFO     ___FILE_ONLY___  
2022-05-16 13:22:53,331 INFO     ___FILE_ONLY___ │
2022-05-16 13:22:53,331 INFO     ___FILE_ONLY___ 

2022-05-16 13:22:53,331 INFO     ___FILE_ONLY___ │ 
2022-05-16 13:22:53,331 INFO     ___FILE_ONLY___ gcloud cli dependencies                            
2022-05-16 13:22:53,331 INFO     ___FILE_ONLY___  
2022-05-16 13:22:53,331 INFO     ___FILE_ONLY___ │ 
2022-05-16 13:22:53,332 INFO     ___FILE_ONLY___ 2021.04.16
2022-05-16 13:22:53,332 INFO     ___FILE_ONLY___  
2022-05-16 13:22:53,332 INFO     ___FILE_ONLY___ │ 
2022-05-16 13:22:53,332 INFO     ___FILE_ONLY___  < 1 MiB
2022-05-16 13:22:53,332 INFO     ___FILE_ONLY___  
2022-05-16 13:22:53,332 INFO     ___FILE_ONLY___ │
2022-05-16 13:22:53,332 INFO     ___FILE_ONLY___ 

2022-05-16 13:22:53,332 INFO     ___FILE_ONLY___ └─────────────────────────────────────────────────────┴────────────┴──────────┘
2022-05-16 13:22:53,332 INFO     ___FILE_ONLY___ 

2022-05-16 13:22:53,333 INFO     ___FILE_ONLY___ 

2022-05-16 13:22:53,335 DEBUG    urllib3.connectionpool Starting new HTTPS connection (1): dl.google.com:443
2022-05-16 13:22:53,410 DEBUG    urllib3.connectionpool https://dl.google.com:443 "GET /dl/cloudsdk/channels/rapid/RELEASE_NOTES HTTP/1.1" 200 801185
2022-05-16 13:22:53,458 INFO     ___FILE_ONLY___ For the latest full release notes, please visit:
  https://cloud.google.com/sdk/release_notes


2022-05-16 13:22:53,462 INFO     ___FILE_ONLY___ ╔════════════════════════════════════════════════════════════╗

2022-05-16 13:22:53,463 INFO     ___FILE_ONLY___ ╠═ Creating update staging area                             ═╣

2022-05-16 13:22:53,463 INFO     ___FILE_ONLY___ ╚
2022-05-16 13:22:53,463 INFO     ___FILE_ONLY___ ══════
2022-05-16 13:22:53,463 INFO     ___FILE_ONLY___ ══════
2022-05-16 13:22:53,463 INFO     ___FILE_ONLY___ ══════
2022-05-16 13:22:53,657 INFO     ___FILE_ONLY___ ═
2022-05-16 13:22:53,745 INFO     ___FILE_ONLY___ ═
2022-05-16 13:22:53,789 INFO     ___FILE_ONLY___ ═
2022-05-16 13:22:53,821 INFO     ___FILE_ONLY___ ═
2022-05-16 13:22:53,854 INFO     ___FILE_ONLY___ ═
2022-05-16 13:22:53,888 INFO     ___FILE_ONLY___ ═
2022-05-16 13:22:53,928 INFO     ___FILE_ONLY___ ═
2022-05-16 13:22:53,977 INFO     ___FILE_ONLY___ ═
2022-05-16 13:22:54,012 INFO     ___FILE_ONLY___ ═
2022-05-16 13:22:54,188 INFO     ___FILE_ONLY___ ═
2022-05-16 13:22:54,388 INFO     ___FILE_ONLY___ ═
2022-05-16 13:22:54,469 INFO     ___FILE_ONLY___ ═
2022-05-16 13:22:54,566 INFO     ___FILE_ONLY___ ═
2022-05-16 13:22:54,636 INFO     ___FILE_ONLY___ ═
2022-05-16 13:22:54,700 INFO     ___FILE_ONLY___ ═
2022-05-16 13:22:54,754 INFO     ___FILE_ONLY___ ═
2022-05-16 13:22:54,812 INFO     ___FILE_ONLY___ ═
2022-05-16 13:22:54,872 INFO     ___FILE_ONLY___ ═
2022-05-16 13:22:54,957 INFO     ___FILE_ONLY___ ═
2022-05-16 13:22:55,022 INFO     ___FILE_ONLY___ ═
2022-05-16 13:22:55,090 INFO     ___FILE_ONLY___ ═
2022-05-16 13:22:55,169 INFO     ___FILE_ONLY___ ═
2022-05-16 13:22:55,235 INFO     ___FILE_ONLY___ ═
2022-05-16 13:22:55,393 INFO     ___FILE_ONLY___ ═
2022-05-16 13:22:55,458 INFO     ___FILE_ONLY___ ═
2022-05-16 13:22:55,509 INFO     ___FILE_ONLY___ ═
2022-05-16 13:22:55,545 INFO     ___FILE_ONLY___ ═
2022-05-16 13:22:55,606 INFO     ___FILE_ONLY___ ═
2022-05-16 13:22:55,676 INFO     ___FILE_ONLY___ ═
2022-05-16 13:22:55,730 INFO     ___FILE_ONLY___ ═
2022-05-16 13:22:55,788 INFO     ___FILE_ONLY___ ═
2022-05-16 13:22:55,858 INFO     ___FILE_ONLY___ ═
2022-05-16 13:22:55,926 INFO     ___FILE_ONLY___ ═
2022-05-16 13:22:56,002 INFO     ___FILE_ONLY___ ═
2022-05-16 13:22:56,084 INFO     ___FILE_ONLY___ ═
2022-05-16 13:22:56,147 INFO     ___FILE_ONLY___ ═
2022-05-16 13:22:56,218 INFO     ___FILE_ONLY___ ═
2022-05-16 13:22:56,290 INFO     ___FILE_ONLY___ ═
2022-05-16 13:22:56,350 INFO     ___FILE_ONLY___ ═
2022-05-16 13:22:56,425 INFO     ___FILE_ONLY___ ═
2022-05-16 13:22:56,481 INFO     ___FILE_ONLY___ ═
2022-05-16 13:22:56,548 INFO     ___FILE_ONLY___ ═
2022-05-16 13:22:56,548 INFO     ___FILE_ONLY___ ╝

2022-05-16 13:22:56,751 INFO     ___FILE_ONLY___ ╔════════════════════════════════════════════════════════════╗

2022-05-16 13:22:56,751 INFO     ___FILE_ONLY___ ╠═ Installing: BigQuery Command Line Tool                   ═╣

2022-05-16 13:22:56,751 INFO     ___FILE_ONLY___ ╚
2022-05-16 13:22:56,755 DEBUG    urllib3.connectionpool Starting new HTTPS connection (1): dl.google.com:443
2022-05-16 13:22:56,830 DEBUG    urllib3.connectionpool https://dl.google.com:443 "GET /dl/cloudsdk/channels/rapid/components/google-cloud-sdk-bq-20220222143224.tar.gz HTTP/1.1" 200 1085920
2022-05-16 13:22:56,843 INFO     ___FILE_ONLY___ ═
2022-05-16 13:22:56,843 INFO     ___FILE_ONLY___ ═
2022-05-16 13:22:56,843 INFO     ___FILE_ONLY___ ═
2022-05-16 13:22:56,843 INFO     ___FILE_ONLY___ ═
2022-05-16 13:22:56,844 INFO     ___FILE_ONLY___ ═
2022-05-16 13:22:56,844 INFO     ___FILE_ONLY___ ═
2022-05-16 13:22:56,844 INFO     ___FILE_ONLY___ ═
2022-05-16 13:22:56,844 INFO     ___FILE_ONLY___ ═
2022-05-16 13:22:56,844 INFO     ___FILE_ONLY___ ═
2022-05-16 13:22:56,845 INFO     ___FILE_ONLY___ ═
2022-05-16 13:22:56,845 INFO     ___FILE_ONLY___ ═
2022-05-16 13:22:56,845 INFO     ___FILE_ONLY___ ═
2022-05-16 13:22:56,845 INFO     ___FILE_ONLY___ ═
2022-05-16 13:22:56,845 INFO     ___FILE_ONLY___ ═
2022-05-16 13:22:56,845 INFO     ___FILE_ONLY___ ═
2022-05-16 13:22:56,846 INFO     ___FILE_ONLY___ ═
2022-05-16 13:22:56,846 INFO     ___FILE_ONLY___ ═
2022-05-16 13:22:56,846 INFO     ___FILE_ONLY___ ═
2022-05-16 13:22:56,846 INFO     ___FILE_ONLY___ ═
2022-05-16 13:22:56,846 INFO     ___FILE_ONLY___ ═
2022-05-16 13:22:56,846 INFO     ___FILE_ONLY___ ═
2022-05-16 13:22:56,847 INFO     ___FILE_ONLY___ ═
2022-05-16 13:22:56,847 INFO     ___FILE_ONLY___ ═
2022-05-16 13:22:56,847 INFO     ___FILE_ONLY___ ═
2022-05-16 13:22:56,847 INFO     ___FILE_ONLY___ ═
2022-05-16 13:22:56,847 INFO     ___FILE_ONLY___ ═
2022-05-16 13:22:56,848 INFO     ___FILE_ONLY___ ═
2022-05-16 13:22:56,848 INFO     ___FILE_ONLY___ ═
2022-05-16 13:22:56,848 INFO     ___FILE_ONLY___ ═
2022-05-16 13:22:56,848 INFO     ___FILE_ONLY___ ═
2022-05-16 13:22:56,908 INFO     ___FILE_ONLY___ ═
2022-05-16 13:22:56,918 INFO     ___FILE_ONLY___ ═
2022-05-16 13:22:56,922 INFO     ___FILE_ONLY___ ═
2022-05-16 13:22:56,926 INFO     ___FILE_ONLY___ ═
2022-05-16 13:22:56,930 INFO     ___FILE_ONLY___ ═
2022-05-16 13:22:56,934 INFO     ___FILE_ONLY___ ═
2022-05-16 13:22:56,938 INFO     ___FILE_ONLY___ ═
2022-05-16 13:22:56,941 INFO     ___FILE_ONLY___ ═
2022-05-16 13:22:56,945 INFO     ___FILE_ONLY___ ═
2022-05-16 13:22:56,948 INFO     ___FILE_ONLY___ ═
2022-05-16 13:22:56,953 INFO     ___FILE_ONLY___ ═
2022-05-16 13:22:56,959 INFO     ___FILE_ONLY___ ═
2022-05-16 13:22:56,964 INFO     ___FILE_ONLY___ ═
2022-05-16 13:22:56,968 INFO     ___FILE_ONLY___ ═
2022-05-16 13:22:56,971 INFO     ___FILE_ONLY___ ═
2022-05-16 13:22:56,975 INFO     ___FILE_ONLY___ ═
2022-05-16 13:22:56,978 INFO     ___FILE_ONLY___ ═
2022-05-16 13:22:56,981 INFO     ___FILE_ONLY___ ═
2022-05-16 13:22:56,985 INFO     ___FILE_ONLY___ ═
2022-05-16 13:22:56,988 INFO     ___FILE_ONLY___ ═
2022-05-16 13:22:56,992 INFO     ___FILE_ONLY___ ═
2022-05-16 13:22:56,997 INFO     ___FILE_ONLY___ ═
2022-05-16 13:22:57,000 INFO     ___FILE_ONLY___ ═
2022-05-16 13:22:57,004 INFO     ___FILE_ONLY___ ═
2022-05-16 13:22:57,007 INFO     ___FILE_ONLY___ ═
2022-05-16 13:22:57,011 INFO     ___FILE_ONLY___ ═
2022-05-16 13:22:57,015 INFO     ___FILE_ONLY___ ═
2022-05-16 13:22:57,019 INFO     ___FILE_ONLY___ ═
2022-05-16 13:22:57,022 INFO     ___FILE_ONLY___ ═
2022-05-16 13:22:57,026 INFO     ___FILE_ONLY___ ═
2022-05-16 13:22:57,026 INFO     ___FILE_ONLY___ ╝

2022-05-16 13:22:57,040 INFO     ___FILE_ONLY___ ╔════════════════════════════════════════════════════════════╗

2022-05-16 13:22:57,041 INFO     ___FILE_ONLY___ ╠═ Installing: BigQuery Command Line Tool (Platform Spec... ═╣

2022-05-16 13:22:57,041 INFO     ___FILE_ONLY___ ╚
2022-05-16 13:22:57,044 DEBUG    urllib3.connectionpool Starting new HTTPS connection (1): dl.google.com:443
2022-05-16 13:22:57,121 DEBUG    urllib3.connectionpool https://dl.google.com:443 "GET /dl/cloudsdk/channels/rapid/components/google-cloud-sdk-bq-nix-20220128152443.tar.gz HTTP/1.1" 200 1943
2022-05-16 13:22:57,122 INFO     ___FILE_ONLY___ ══════════════════════════════
2022-05-16 13:22:57,123 INFO     ___FILE_ONLY___ ══════════════════════════════
2022-05-16 13:22:57,124 INFO     ___FILE_ONLY___ ╝

2022-05-16 13:22:57,133 INFO     ___FILE_ONLY___ ╔════════════════════════════════════════════════════════════╗

2022-05-16 13:22:57,133 INFO     ___FILE_ONLY___ ╠═ Installing: Cloud Storage Command Line Tool              ═╣

2022-05-16 13:22:57,133 INFO     ___FILE_ONLY___ ╚
2022-05-16 13:22:57,136 DEBUG    urllib3.connectionpool Starting new HTTPS connection (1): dl.google.com:443
2022-05-16 13:22:57,210 DEBUG    urllib3.connectionpool https://dl.google.com:443 "GET /dl/cloudsdk/channels/rapid/components/google-cloud-sdk-gsutil-20220504215042.tar.gz HTTP/1.1" 200 16215233
2022-05-16 13:22:57,317 INFO     ___FILE_ONLY___ ═
2022-05-16 13:22:57,318 INFO     ___FILE_ONLY___ ═
2022-05-16 13:22:57,319 INFO     ___FILE_ONLY___ ═
2022-05-16 13:22:57,320 INFO     ___FILE_ONLY___ ═
2022-05-16 13:22:57,321 INFO     ___FILE_ONLY___ ═
2022-05-16 13:22:57,321 INFO     ___FILE_ONLY___ ═
2022-05-16 13:22:57,322 INFO     ___FILE_ONLY___ ═
2022-05-16 13:22:57,323 INFO     ___FILE_ONLY___ ═
2022-05-16 13:22:57,324 INFO     ___FILE_ONLY___ ═
2022-05-16 13:22:57,325 INFO     ___FILE_ONLY___ ═
2022-05-16 13:22:57,325 INFO     ___FILE_ONLY___ ═
2022-05-16 13:22:57,326 INFO     ___FILE_ONLY___ ═
2022-05-16 13:22:57,327 INFO     ___FILE_ONLY___ ═
2022-05-16 13:22:57,328 INFO     ___FILE_ONLY___ ═
2022-05-16 13:22:57,329 INFO     ___FILE_ONLY___ ═
2022-05-16 13:22:57,329 INFO     ___FILE_ONLY___ ═
2022-05-16 13:22:57,330 INFO     ___FILE_ONLY___ ═
2022-05-16 13:22:57,331 INFO     ___FILE_ONLY___ ═
2022-05-16 13:22:57,332 INFO     ___FILE_ONLY___ ═
2022-05-16 13:22:57,333 INFO     ___FILE_ONLY___ ═
2022-05-16 13:22:57,334 INFO     ___FILE_ONLY___ ═
2022-05-16 13:22:57,334 INFO     ___FILE_ONLY___ ═
2022-05-16 13:22:57,335 INFO     ___FILE_ONLY___ ═
2022-05-16 13:22:57,336 INFO     ___FILE_ONLY___ ═
2022-05-16 13:22:57,337 INFO     ___FILE_ONLY___ ═
2022-05-16 13:22:57,338 INFO     ___FILE_ONLY___ ═
2022-05-16 13:22:57,338 INFO     ___FILE_ONLY___ ═
2022-05-16 13:22:57,339 INFO     ___FILE_ONLY___ ═
2022-05-16 13:22:57,340 INFO     ___FILE_ONLY___ ═
2022-05-16 13:22:57,341 INFO     ___FILE_ONLY___ ═
2022-05-16 13:22:58,645 INFO     ___FILE_ONLY___ ═
2022-05-16 13:22:58,712 INFO     ___FILE_ONLY___ ═
2022-05-16 13:22:58,770 INFO     ___FILE_ONLY___ ═
2022-05-16 13:22:58,824 INFO     ___FILE_ONLY___ ═
2022-05-16 13:22:58,881 INFO     ___FILE_ONLY___ ═
2022-05-16 13:22:58,958 INFO     ___FILE_ONLY___ ═
2022-05-16 13:22:59,023 INFO     ___FILE_ONLY___ ═
2022-05-16 13:22:59,102 INFO     ___FILE_ONLY___ ═
2022-05-16 13:22:59,170 INFO     ___FILE_ONLY___ ═
2022-05-16 13:22:59,223 INFO     ___FILE_ONLY___ ═
2022-05-16 13:22:59,280 INFO     ___FILE_ONLY___ ═
2022-05-16 13:22:59,343 INFO     ___FILE_ONLY___ ═
2022-05-16 13:22:59,412 INFO     ___FILE_ONLY___ ═
2022-05-16 13:22:59,502 INFO     ___FILE_ONLY___ ═
2022-05-16 13:22:59,569 INFO     ___FILE_ONLY___ ═
2022-05-16 13:22:59,621 INFO     ___FILE_ONLY___ ═
2022-05-16 13:22:59,679 INFO     ___FILE_ONLY___ ═
2022-05-16 13:22:59,735 INFO     ___FILE_ONLY___ ═
2022-05-16 13:22:59,788 INFO     ___FILE_ONLY___ ═
2022-05-16 13:22:59,847 INFO     ___FILE_ONLY___ ═
2022-05-16 13:22:59,907 INFO     ___FILE_ONLY___ ═
2022-05-16 13:22:59,967 INFO     ___FILE_ONLY___ ═
2022-05-16 13:23:00,035 INFO     ___FILE_ONLY___ ═
2022-05-16 13:23:00,095 INFO     ___FILE_ONLY___ ═
2022-05-16 13:23:00,161 INFO     ___FILE_ONLY___ ═
2022-05-16 13:23:00,229 INFO     ___FILE_ONLY___ ═
2022-05-16 13:23:00,286 INFO     ___FILE_ONLY___ ═
2022-05-16 13:23:00,339 INFO     ___FILE_ONLY___ ═
2022-05-16 13:23:00,395 INFO     ___FILE_ONLY___ ═
2022-05-16 13:23:00,472 INFO     ___FILE_ONLY___ ═
2022-05-16 13:23:00,472 INFO     ___FILE_ONLY___ ╝

2022-05-16 13:23:00,583 INFO     ___FILE_ONLY___ ╔════════════════════════════════════════════════════════════╗

2022-05-16 13:23:00,584 INFO     ___FILE_ONLY___ ╠═ Installing: Cloud Storage Command Line Tool (Platform... ═╣

2022-05-16 13:23:00,584 INFO     ___FILE_ONLY___ ╚
2022-05-16 13:23:00,587 DEBUG    urllib3.connectionpool Starting new HTTPS connection (1): dl.google.com:443
2022-05-16 13:23:00,661 DEBUG    urllib3.connectionpool https://dl.google.com:443 "GET /dl/cloudsdk/channels/rapid/components/google-cloud-sdk-gsutil-nix-20220128152443.tar.gz HTTP/1.1" 200 1955
2022-05-16 13:23:00,662 INFO     ___FILE_ONLY___ ══════════════════════════════
2022-05-16 13:23:00,663 INFO     ___FILE_ONLY___ ══════════════════════════════
2022-05-16 13:23:00,664 INFO     ___FILE_ONLY___ ╝

2022-05-16 13:23:00,673 INFO     ___FILE_ONLY___ ╔════════════════════════════════════════════════════════════╗

2022-05-16 13:23:00,673 INFO     ___FILE_ONLY___ ╠═ Installing: Default set of gcloud commands               ═╣

2022-05-16 13:23:00,673 INFO     ___FILE_ONLY___ ╚
2022-05-16 13:23:00,678 INFO     ___FILE_ONLY___ ════════════════════════════════════════════════════════════
2022-05-16 13:23:00,678 INFO     ___FILE_ONLY___ ╝

2022-05-16 13:23:00,681 INFO     ___FILE_ONLY___ ╔════════════════════════════════════════════════════════════╗

2022-05-16 13:23:00,682 INFO     ___FILE_ONLY___ ╠═ Installing: Google Cloud CLI Core Libraries (Platform... ═╣

2022-05-16 13:23:00,682 INFO     ___FILE_ONLY___ ╚
2022-05-16 13:23:00,685 DEBUG    urllib3.connectionpool Starting new HTTPS connection (1): dl.google.com:443
2022-05-16 13:23:00,762 DEBUG    urllib3.connectionpool https://dl.google.com:443 "GET /dl/cloudsdk/channels/rapid/components/google-cloud-sdk-core-nix-20220128152443.tar.gz HTTP/1.1" 200 2321
2022-05-16 13:23:00,763 INFO     ___FILE_ONLY___ ══════════════════════════════
2022-05-16 13:23:00,765 INFO     ___FILE_ONLY___ ═══════════════
2022-05-16 13:23:00,765 INFO     ___FILE_ONLY___ ═══════════════
2022-05-16 13:23:00,765 INFO     ___FILE_ONLY___ ╝

2022-05-16 13:23:00,775 INFO     ___FILE_ONLY___ ╔════════════════════════════════════════════════════════════╗

2022-05-16 13:23:00,775 INFO     ___FILE_ONLY___ ╠═ Installing: anthoscli                                    ═╣

2022-05-16 13:23:00,775 INFO     ___FILE_ONLY___ ╚
2022-05-16 13:23:00,779 INFO     ___FILE_ONLY___ ════════════════════════════════════════════════════════════
2022-05-16 13:23:00,780 INFO     ___FILE_ONLY___ ╝

2022-05-16 13:23:00,783 INFO     ___FILE_ONLY___ ╔════════════════════════════════════════════════════════════╗

2022-05-16 13:23:00,783 INFO     ___FILE_ONLY___ ╠═ Installing: anthoscli                                    ═╣

2022-05-16 13:23:00,783 INFO     ___FILE_ONLY___ ╚
2022-05-16 13:23:00,787 DEBUG    urllib3.connectionpool Starting new HTTPS connection (1): dl.google.com:443
2022-05-16 13:23:00,859 DEBUG    urllib3.connectionpool https://dl.google.com:443 "GET /dl/cloudsdk/channels/rapid/components/google-cloud-sdk-anthoscli-linux-x86_64-20220408151416.tar.gz HTTP/1.1" 200 49825877
2022-05-16 13:23:01,148 INFO     ___FILE_ONLY___ ═
2022-05-16 13:23:01,150 INFO     ___FILE_ONLY___ ═
2022-05-16 13:23:01,153 INFO     ___FILE_ONLY___ ═
2022-05-16 13:23:01,155 INFO     ___FILE_ONLY___ ═
2022-05-16 13:23:01,157 INFO     ___FILE_ONLY___ ═
2022-05-16 13:23:01,159 INFO     ___FILE_ONLY___ ═
2022-05-16 13:23:01,161 INFO     ___FILE_ONLY___ ═
2022-05-16 13:23:01,163 INFO     ___FILE_ONLY___ ═
2022-05-16 13:23:01,165 INFO     ___FILE_ONLY___ ═
2022-05-16 13:23:01,168 INFO     ___FILE_ONLY___ ═
2022-05-16 13:23:01,170 INFO     ___FILE_ONLY___ ═
2022-05-16 13:23:01,172 INFO     ___FILE_ONLY___ ═
2022-05-16 13:23:01,175 INFO     ___FILE_ONLY___ ═
2022-05-16 13:23:01,177 INFO     ___FILE_ONLY___ ═
2022-05-16 13:23:01,179 INFO     ___FILE_ONLY___ ═
2022-05-16 13:23:01,181 INFO     ___FILE_ONLY___ ═
2022-05-16 13:23:01,184 INFO     ___FILE_ONLY___ ═
2022-05-16 13:23:01,186 INFO     ___FILE_ONLY___ ═
2022-05-16 13:23:01,188 INFO     ___FILE_ONLY___ ═
2022-05-16 13:23:01,190 INFO     ___FILE_ONLY___ ═
2022-05-16 13:23:01,193 INFO     ___FILE_ONLY___ ═
2022-05-16 13:23:01,195 INFO     ___FILE_ONLY___ ═
2022-05-16 13:23:01,197 INFO     ___FILE_ONLY___ ═
2022-05-16 13:23:01,199 INFO     ___FILE_ONLY___ ═
2022-05-16 13:23:01,202 INFO     ___FILE_ONLY___ ═
2022-05-16 13:23:01,204 INFO     ___FILE_ONLY___ ═
2022-05-16 13:23:01,206 INFO     ___FILE_ONLY___ ═
2022-05-16 13:23:01,209 INFO     ___FILE_ONLY___ ═
2022-05-16 13:23:01,211 INFO     ___FILE_ONLY___ ═
2022-05-16 13:23:01,213 INFO     ___FILE_ONLY___ ═
2022-05-16 13:23:02,857 INFO     ___FILE_ONLY___ ══════════
2022-05-16 13:23:02,863 INFO     ___FILE_ONLY___ ═════════
2022-05-16 13:23:02,888 INFO     ___FILE_ONLY___ ═══════════
2022-05-16 13:23:02,888 INFO     ___FILE_ONLY___ ╝

2022-05-16 13:23:02,906 INFO     ___FILE_ONLY___ ╔════════════════════════════════════════════════════════════╗

2022-05-16 13:23:02,906 INFO     ___FILE_ONLY___ ╠═ Installing: gcloud cli dependencies                      ═╣

2022-05-16 13:23:02,906 INFO     ___FILE_ONLY___ ╚
2022-05-16 13:23:02,910 DEBUG    urllib3.connectionpool Starting new HTTPS connection (1): dl.google.com:443
2022-05-16 13:23:02,983 DEBUG    urllib3.connectionpool https://dl.google.com:443 "GET /dl/cloudsdk/channels/rapid/components/google-cloud-sdk-gcloud-deps-linux-x86_64-20210416153011.tar.gz HTTP/1.1" 200 104
2022-05-16 13:23:02,984 INFO     ___FILE_ONLY___ ══════════════════════════════
2022-05-16 13:23:02,984 INFO     ___FILE_ONLY___ ══════════════════════════════
2022-05-16 13:23:02,985 INFO     ___FILE_ONLY___ ╝

2022-05-16 13:23:02,995 INFO     ___FILE_ONLY___ ╔════════════════════════════════════════════════════════════╗

2022-05-16 13:23:02,995 INFO     ___FILE_ONLY___ ╠═ Creating backup and activating new installation          ═╣

2022-05-16 13:23:02,995 INFO     ___FILE_ONLY___ ╚
2022-05-16 13:23:02,996 DEBUG    root            Attempting to move directory [/tools/google-cloud-sdk] to [/tools/google-cloud-sdk.staging/.install/.backup]
2022-05-16 13:23:02,996 INFO     ___FILE_ONLY___ ══════════════════════════════
2022-05-16 13:23:02,996 DEBUG    root            Attempting to move directory [/tools/google-cloud-sdk.staging] to [/tools/google-cloud-sdk]
2022-05-16 13:23:02,996 INFO     ___FILE_ONLY___ ══════════════════════════════
2022-05-16 13:23:02,997 INFO     ___FILE_ONLY___ ╝

2022-05-16 13:23:03,001 DEBUG    root            Updating notification cache...
2022-05-16 13:23:03,001 INFO     ___FILE_ONLY___ 

2022-05-16 13:23:03,005 INFO     ___FILE_ONLY___ Performing post processing steps...
2022-05-16 13:23:03,006 DEBUG    root            Executing command: ['python3', '-S', '/tools/google-cloud-sdk/lib/gcloud.py', 'components', 'post-process']
2022-05-16 13:23:20,903 DEBUG    ___FILE_ONLY___ 
2022-05-16 13:23:20,904 DEBUG    ___FILE_ONLY___ 
2022-05-16 13:23:21,032 INFO     ___FILE_ONLY___ 
Update done!


2022-05-16 13:23:21,036 INFO     root            Display format: "none"
